<?xml version="1.0" encoding="UTF-8"?>
<testsuite xmlns:xsi="http://www.w3.org/2001/XMLSchema-instance" xsi:noNamespaceSchemaLocation="https://maven.apache.org/surefire/maven-surefire-plugin/xsd/surefire-test-report.xsd" name="TestSuite" time="51.715" tests="14" errors="0" skipped="0" failures="3">
  <properties>
[...]
</properties>
  <testcase name="method1" classname="tests.Test1" time="0.503">
    <failure message="failing... " type="java.lang.AssertionError">java.lang.AssertionError: failing... 
	at tests.Test1.method1(Test1.java:21)
</failure>
    <system-out><![CDATA[20
23
21
22
20
]]></system-out>
    <system-err><![CDATA[log4j:WARN No appenders could be found for logger (devpinoyLogger).
log4j:WARN No appenders could be found for logger (devpinoyLogger).
log4j:WARN No appenders could be found for logger (devpinoyLogger).
log4j:WARN Please initialize the log4j system properly.
log4j:WARN No appenders could be found for logger (devpinoyLogger).
log4j:WARN See http://logging.apache.org/log4j/1.2/faq.html#noconfig for more info.
log4j:WARN Please initialize the log4j system properly.
log4j:WARN Please initialize the log4j system properly.
log4j:WARN See http://logging.apache.org/log4j/1.2/faq.html#noconfig for more info.
log4j:WARN See http://logging.apache.org/log4j/1.2/faq.html#noconfig for more info.
log4j:WARN Please initialize the log4j system properly.
log4j:WARN See http://logging.apache.org/log4j/1.2/faq.html#noconfig for more info.
Starting ChromeDriver 91.0.4472.101 (af52a90bf87030dd1523486a1cd3ae25c5d76c9b-refs/branch-heads/4472@{#1462}) on port 29465
Only local connections are allowed.
Please see https://chromedriver.chromium.org/security-considerations for suggestions on keeping ChromeDriver safe.
ChromeDriver was started successfully.
Starting ChromeDriver 91.0.4472.101 (af52a90bf87030dd1523486a1cd3ae25c5d76c9b-refs/branch-heads/4472@{#1462}) on port 4983
Only local connections are allowed.
Please see https://chromedriver.chromium.org/security-considerations for suggestions on keeping ChromeDriver safe.
ChromeDriver was started successfully.
Starting ChromeDriver 91.0.4472.101 (af52a90bf87030dd1523486a1cd3ae25c5d76c9b-refs/branch-heads/4472@{#1462}) on port 26145
Only local connections are allowed.
Please see https://chromedriver.chromium.org/security-considerations for suggestions on keeping ChromeDriver safe.
ChromeDriver was started successfully.
Starting ChromeDriver 91.0.4472.101 (af52a90bf87030dd1523486a1cd3ae25c5d76c9b-refs/branch-heads/4472@{#1462}) on port 46869
Only local connections are allowed.
Please see https://chromedriver.chromium.org/security-considerations for suggestions on keeping ChromeDriver safe.
ChromeDriver was started successfully.
Jul 01, 2021 8:05:46 PM org.openqa.selenium.remote.ProtocolHandshake createSession
INFO: Detected dialect: W3C
Jul 01, 2021 8:05:46 PM org.openqa.selenium.remote.ProtocolHandshake createSession
INFO: Detected dialect: W3C
Jul 01, 2021 8:05:47 PM org.openqa.selenium.remote.ProtocolHandshake createSession
INFO: Detected dialect: W3C
Jul 01, 2021 8:05:47 PM org.openqa.selenium.remote.ProtocolHandshake createSession
INFO: Detected dialect: W3C
]]></system-err>
  </testcase>
  <testcase name="method1" classname="tests.Test1" time="0.751">
    <failure message="failing... " type="java.lang.AssertionError">java.lang.AssertionError: failing... 
	at tests.Test1.method1(Test1.java:21)
</failure>
    <system-out><![CDATA[45
]]></system-out>
    <system-err><![CDATA[1625150172319	Marionette	INFO	Stopped listening on port 64471
1625150172557	Marionette	INFO	Stopped listening on port 64459
]]></system-err>
  </testcase>
  <testcase name="method1" classname="tests.Test1" time="0.632">
    <failure message="failing... " type="java.lang.AssertionError">java.lang.AssertionError: failing... 
	at tests.Test1.method1(Test1.java:21)
</failure>
    <system-out><![CDATA[65
]]></system-out>
  </testcase>
  <testcase name="method5" classname="tests.Test1" time="0.709"/>
  <testcase name="method5" classname="tests.Test1" time="1.067"/>
  <testcase name="method5" classname="tests.Test1" time="0.956"/>
  <testcase name="method3" classname="tests.Test1" time="0"/>
  <testcase name="method3" classname="tests.Test1" time="1.152"/>
  <testcase name="method3" classname="tests.Test1" time="1.252"/>
  <testcase name="method4" classname="tests.Test1" time="0.367"/>
  <testcase name="method4" classname="tests.Test1" time="0.913"/>
  <testcase name="method4" classname="tests.Test1" time="0.311"/>
  <testcase name="method2" classname="tests.Test1" time="0.955"/>
  <testcase name="method2" classname="tests.Test1" time="0.284"/>
</testsuite>