<?xml version="1.0" encoding="UTF-8"?>
<testng-results ignored="0" total="1" passed="1" failed="0" skipped="0">
  <reporter-output>
  </reporter-output>
  <suite started-at="2021-07-19T11:54:21 IST" name="All Test Suite" finished-at="2021-07-19T11:55:16 IST" duration-ms="54597">
    <groups>
    </groups>
    <test started-at="2021-07-19T11:54:21 IST" name="E:/JAVA_Selenium/NewSelenium/src/test/java/tests/Test2.java" finished-at="2021-07-19T11:55:16 IST" duration-ms="54597">
      <class name="tests.Test2">
        <test-method is-config="true" signature="setUpTestBed()[pri:0, instance:tests.Test2@1a4013]" started-at="2021-07-19T11:54:21 IST" name="setUpTestBed" finished-at="2021-07-19T11:54:21 IST" duration-ms="288" status="PASS">
          <reporter-output>
          </reporter-output>
        </test-method> <!-- setUpTestBed -->
        <test-method is-config="true" signature="startReporter()[pri:0, instance:tests.Test2@1a4013]" started-at="2021-07-19T11:54:21 IST" name="startReporter" finished-at="2021-07-19T11:54:21 IST" duration-ms="0" status="PASS">
          <reporter-output>
          </reporter-output>
        </test-method> <!-- startReporter -->
        <test-method is-config="true" signature="startBrowser(java.lang.String)[pri:0, instance:tests.Test2@1a4013]" started-at="2021-07-19T11:54:21 IST" name="startBrowser" finished-at="2021-07-19T11:54:24 IST" duration-ms="3168" status="PASS">
          <params>
            <param index="0">
              <value>
                <![CDATA[chrome]]>
              </value>
            </param>
          </params>
          <reporter-output>
          </reporter-output>
        </test-method> <!-- startBrowser -->
        <test-method signature="m1()[pri:0, instance:tests.Test2@1a4013]" started-at="2021-07-19T11:54:24 IST" name="m1" finished-at="2021-07-19T11:55:15 IST" duration-ms="50631" status="PASS">
          <reporter-output>
          </reporter-output>
        </test-method> <!-- m1 -->
        <test-method is-config="true" signature="tearDown()[pri:0, instance:tests.Test2@1a4013]" started-at="2021-07-19T11:55:15 IST" name="tearDown" finished-at="2021-07-19T11:55:15 IST" duration-ms="325" status="PASS">
          <reporter-output>
          </reporter-output>
        </test-method> <!-- tearDown -->
        <test-method is-config="true" signature="endReporter()[pri:0, instance:tests.Test2@1a4013]" started-at="2021-07-19T11:55:15 IST" name="endReporter" finished-at="2021-07-19T11:55:16 IST" duration-ms="411" status="PASS">
          <reporter-output>
          </reporter-output>
        </test-method> <!-- endReporter -->
      </class> <!-- tests.Test2 -->
    </test> <!-- E:/JAVA_Selenium/NewSelenium/src/test/java/tests/Test2.java -->
  </suite> <!-- All Test Suite -->
</testng-results>
